This is XeTeX, Version 3.141592653-2.6-0.999996 (MiKTeX 24.4) (preloaded format=xelatex 2025.1.21)  21 JAN 2025 17:39
entering extended mode
 restricted \write18 enabled.
 file:line:error style messages enabled.
 %&-line parsing enabled.
**c:/Users/masaz/Desktop/faks/Bonn/Formalization_in_Lean/ArtinWedderburn/blueprint/src/web.tex
(c:/Users/masaz/Desktop/faks/Bonn/Formalization_in_Lean/ArtinWedderburn/blueprint/src/web.tex
LaTeX2e <2024-06-01> patch level 2
L3 programming layer <2024-05-27>
(C:\Users\masaz\AppData\Local\Programs\MiKTeX\tex/latex/base\article.cls
Document Class: article 2024/02/08 v1.4n Standard LaTeX document class
(C:\Users\masaz\AppData\Local\Programs\MiKTeX\tex/latex/base\size10.clo
File: size10.clo 2024/02/08 v1.4n Standard LaTeX file (size option)
)
\c@part=\count190
\c@section=\count191
\c@subsection=\count192
\c@subsubsection=\count193
\c@paragraph=\count194
\c@subparagraph=\count195
\c@figure=\count196
\c@table=\count197
\abovecaptionskip=\skip49
\belowcaptionskip=\skip50
\bibindent=\dimen141
) (C:\Users\masaz\AppData\Local\Programs\MiKTeX\tex/latex/amsfonts\amssymb.sty
Package: amssymb 2013/01/14 v3.01 AMS font symbols
 (C:\Users\masaz\AppData\Local\Programs\MiKTeX\tex/latex/amsfonts\amsfonts.sty
Package: amsfonts 2013/01/14 v3.01 Basic AMSFonts support
\@emptytoks=\toks17
\symAMSa=\mathgroup4
\symAMSb=\mathgroup5
LaTeX Font Info:    Redeclaring math symbol \hbar on input line 98.
LaTeX Font Info:    Overwriting math alphabet `\mathfrak' in version `bold'
(Font)                  U/euf/m/n --> U/euf/b/n on input line 106.
)) (C:\Program Files\MiKTeX\tex/latex/amscls\amsthm.sty
Package: amsthm 2020/05/29 v2.20.6
\thm@style=\toks18
\thm@bodyfont=\toks19
\thm@headfont=\toks20
\thm@notefont=\toks21
\thm@headpunct=\toks22
\thm@preskip=\skip51
\thm@postskip=\skip52
\thm@headsep=\skip53
\dth@everypar=\toks23
) (C:\Users\masaz\AppData\Local\Programs\MiKTeX\tex/latex/amsmath\amsmath.sty
Package: amsmath 2024/05/23 v2.17q AMS math features
\@mathmargin=\skip54

For additional information on amsmath, use the `?' option.
(C:\Users\masaz\AppData\Local\Programs\MiKTeX\tex/latex/amsmath\amstext.sty
Package: amstext 2021/08/26 v2.01 AMS text
 (C:\Users\masaz\AppData\Local\Programs\MiKTeX\tex/latex/amsmath\amsgen.sty
File: amsgen.sty 1999/11/30 v2.0 generic functions
\@emptytoks=\toks24
\ex@=\dimen142
)) (C:\Users\masaz\AppData\Local\Programs\MiKTeX\tex/latex/amsmath\amsbsy.sty
Package: amsbsy 1999/11/29 v1.2d Bold Symbols
\pmbraise@=\dimen143
) (C:\Users\masaz\AppData\Local\Programs\MiKTeX\tex/latex/amsmath\amsopn.sty
Package: amsopn 2022/04/08 v2.04 operator names
)
\inf@bad=\count198
LaTeX Info: Redefining \frac on input line 233.
\uproot@=\count199
\leftroot@=\count266
LaTeX Info: Redefining \overline on input line 398.
LaTeX Info: Redefining \colon on input line 409.
\classnum@=\count267
\DOTSCASE@=\count268
LaTeX Info: Redefining \ldots on input line 495.
LaTeX Info: Redefining \dots on input line 498.
LaTeX Info: Redefining \cdots on input line 619.
\Mathstrutbox@=\box52
\strutbox@=\box53
LaTeX Info: Redefining \big on input line 721.
LaTeX Info: Redefining \Big on input line 722.
LaTeX Info: Redefining \bigg on input line 723.
LaTeX Info: Redefining \Bigg on input line 724.
\big@size=\dimen144
LaTeX Font Info:    Redeclaring font encoding OML on input line 742.
LaTeX Font Info:    Redeclaring font encoding OMS on input line 743.
\macc@depth=\count269
LaTeX Info: Redefining \bmod on input line 904.
LaTeX Info: Redefining \pmod on input line 909.
LaTeX Info: Redefining \smash on input line 939.
LaTeX Info: Redefining \relbar on input line 969.
LaTeX Info: Redefining \Relbar on input line 970.
\c@MaxMatrixCols=\count270
\dotsspace@=\muskip17
\c@parentequation=\count271
\dspbrk@lvl=\count272
\tag@help=\toks25
\row@=\count273
\column@=\count274
\maxfields@=\count275
\andhelp@=\toks26
\eqnshift@=\dimen145
\alignsep@=\dimen146
\tagshift@=\dimen147
\tagwidth@=\dimen148
\totwidth@=\dimen149
\lineht@=\dimen150
\@envbody=\toks27
\multlinegap=\skip55
\multlinetaggap=\skip56
\mathdisplay@stack=\toks28
LaTeX Info: Redefining \[ on input line 2953.
LaTeX Info: Redefining \] on input line 2954.
) (C:\Users\masaz\AppData\Local\Programs\MiKTeX\tex/latex/hyperref\hyperref.sty
Package: hyperref 2024-05-23 v7.01i Hypertext links for LaTeX
 (C:\Users\masaz\AppData\Local\Programs\MiKTeX\tex/generic/iftex\iftex.sty
Package: iftex 2022/02/03 v1.0f TeX engine tests
) (C:\Users\masaz\AppData\Local\Programs\MiKTeX\tex/latex/graphics\keyval.sty
Package: keyval 2022/05/29 v1.15 key=value parser (DPC)
\KV@toks@=\toks29
) (C:\Program Files\MiKTeX\tex/latex/kvsetkeys\kvsetkeys.sty
Package: kvsetkeys 2022-10-05 v1.19 Key value parser (HO)
) (C:\Program Files\MiKTeX\tex/generic/kvdefinekeys\kvdefinekeys.sty
Package: kvdefinekeys 2019-12-19 v1.6 Define keys (HO)
) (C:\Program Files\MiKTeX\tex/generic/pdfescape\pdfescape.sty
Package: pdfescape 2019/12/09 v1.15 Implements pdfTeX's escape features (HO)
 (C:\Program Files\MiKTeX\tex/generic/ltxcmds\ltxcmds.sty
Package: ltxcmds 2023-12-04 v1.26 LaTeX kernel commands for general use (HO)
) (C:\Users\masaz\AppData\Local\Programs\MiKTeX\tex/generic/pdftexcmds\pdftexcmds.sty
Package: pdftexcmds 2020-06-27 v0.33 Utility functions of pdfTeX for LuaTeX (HO)
 (C:\Program Files\MiKTeX\tex/generic/infwarerr\infwarerr.sty
Package: infwarerr 2019/12/03 v1.5 Providing info/warning/error messages (HO)
)
Package pdftexcmds Info: \pdf@primitive is available.
Package pdftexcmds Info: \pdf@ifprimitive is available.
Package pdftexcmds Info: \pdfdraftmode not found.
)) (C:\Program Files\MiKTeX\tex/latex/hycolor\hycolor.sty
Package: hycolor 2020-01-27 v1.10 Color options for hyperref/bookmark (HO)
) (C:\Users\masaz\AppData\Local\Programs\MiKTeX\tex/latex/hyperref\nameref.sty
Package: nameref 2023-11-26 v2.56 Cross-referencing by name of section
 (C:\Program Files\MiKTeX\tex/latex/refcount\refcount.sty
Package: refcount 2019/12/15 v3.6 Data extraction from label references (HO)
) (C:\Program Files\MiKTeX\tex/generic/gettitlestring\gettitlestring.sty
Package: gettitlestring 2019/12/15 v1.6 Cleanup title references (HO)
 (C:\Program Files\MiKTeX\tex/latex/kvoptions\kvoptions.sty
Package: kvoptions 2022-06-15 v3.15 Key value format for package options (HO)
))
\c@section@level=\count276
) (C:\Users\masaz\AppData\Local\Programs\MiKTeX\tex/latex/etoolbox\etoolbox.sty
Package: etoolbox 2020/10/05 v2.5k e-TeX tools for LaTeX (JAW)
\etb@tempcnta=\count277
) (C:\Program Files\MiKTeX\tex/generic/stringenc\stringenc.sty
Package: stringenc 2019/11/29 v1.12 Convert strings between diff. encodings (HO)
)
\@linkdim=\dimen151
\Hy@linkcounter=\count278
\Hy@pagecounter=\count279
 (C:\Users\masaz\AppData\Local\Programs\MiKTeX\tex/latex/hyperref\pd1enc.def
File: pd1enc.def 2024-05-23 v7.01i Hyperref: PDFDocEncoding definition (HO)
) (C:\Program Files\MiKTeX\tex/generic/intcalc\intcalc.sty
Package: intcalc 2019/12/15 v1.3 Expandable calculations with integers (HO)
)
\Hy@SavedSpaceFactor=\count280
 (C:\Users\masaz\AppData\Local\Programs\MiKTeX\tex/latex/hyperref\puenc.def
File: puenc.def 2024-05-23 v7.01i Hyperref: PDF Unicode definition (HO)
)
Package hyperref Info: Hyper figures OFF on input line 4157.
Package hyperref Info: Link nesting OFF on input line 4162.
Package hyperref Info: Hyper index ON on input line 4165.
Package hyperref Info: Plain pages OFF on input line 4172.
Package hyperref Info: Backreferencing OFF on input line 4177.
Package hyperref Info: Implicit mode ON; LaTeX internals redefined.
Package hyperref Info: Bookmarks ON on input line 4424.
\c@Hy@tempcnt=\count281
 (C:\Users\masaz\AppData\Local\Programs\MiKTeX\tex/latex/url\url.sty
\Urlmuskip=\muskip18
Package: url 2013/09/16  ver 3.4  Verb mode for urls, etc.
)
LaTeX Info: Redefining \url on input line 4763.
\XeTeXLinkMargin=\dimen152
 (C:\Program Files\MiKTeX\tex/generic/bitset\bitset.sty
Package: bitset 2019/12/09 v1.3 Handle bit-vector datatype (HO)
 (C:\Program Files\MiKTeX\tex/generic/bigintcalc\bigintcalc.sty
Package: bigintcalc 2019/12/15 v1.5 Expandable calculations on big integers (HO)
))
\Fld@menulength=\count282
\Field@Width=\dimen153
\Fld@charsize=\dimen154
Package hyperref Info: Hyper figures OFF on input line 6042.
Package hyperref Info: Link nesting OFF on input line 6047.
Package hyperref Info: Hyper index ON on input line 6050.
Package hyperref Info: backreferencing OFF on input line 6057.
Package hyperref Info: Link coloring OFF on input line 6062.
Package hyperref Info: Link coloring with OCG OFF on input line 6067.
Package hyperref Info: PDF/A mode OFF on input line 6072.
 (C:\Users\masaz\AppData\Local\Programs\MiKTeX\tex/latex/base\atbegshi-ltx.sty
Package: atbegshi-ltx 2021/01/10 v1.0c Emulation of the original atbegshi
package with kernel methods
)
\Hy@abspage=\count283
\c@Item=\count284
\c@Hfootnote=\count285
)
Package hyperref Info: Driver (autodetected): hxetex.
 (C:\Users\masaz\AppData\Local\Programs\MiKTeX\tex/latex/hyperref\hxetex.def
File: hxetex.def 2024-05-23 v7.01i Hyperref driver for XeTeX
\pdfm@box=\box54
\c@Hy@AnnotLevel=\count286
\HyField@AnnotCount=\count287
\Fld@listcount=\count288
\c@bookmark@seq@number=\count289
 (C:\Program Files\MiKTeX\tex/latex/rerunfilecheck\rerunfilecheck.sty
Package: rerunfilecheck 2022-07-10 v1.10 Rerun checks for auxiliary files (HO)
 (C:\Users\masaz\AppData\Local\Programs\MiKTeX\tex/latex/base\atveryend-ltx.sty
Package: atveryend-ltx 2020/08/19 v1.0a Emulation of the original atveryend package
with kernel methods
) (C:\Program Files\MiKTeX\tex/generic/uniquecounter\uniquecounter.sty
Package: uniquecounter 2019/12/15 v1.4 Provide unlimited unique counter (HO)
)
Package uniquecounter Info: New unique counter `rerunfilecheck' on input line 285.
)
\Hy@SectionHShift=\skip57
) (blueprint.sty)
\c@claim=\count290
 (macros/common.tex
\c@theorem=\count291
) (macros/web.tex)
c:/Users/masaz/Desktop/faks/Bonn/Formalization_in_Lean/ArtinWedderburn/blueprint/src/web.tex:19: Undefined control sequence.
l.19 \home
          {https://JobPetrovcic.github.io/ArtinWedderburn}
The control sequence at the end of the top line
of your error message was never \def'ed. If you have
misspelled it (e.g., `\hobx'), type `I' and the correct
spelling (e.g., `I\hbox'). Otherwise just continue,
and I'll forget about whatever was undefined.


c:/Users/masaz/Desktop/faks/Bonn/Formalization_in_Lean/ArtinWedderburn/blueprint/src/web.tex:19: LaTeX Error: Missing \begin{document}.

See the LaTeX manual or LaTeX Companion for explanation.
Type  H <return>  for immediate help.
 ...                                              
                                                  
l.19 \home{h
            ttps://JobPetrovcic.github.io/ArtinWedderburn}
You're in trouble here.  Try typing  <return>  to proceed.
If that doesn't work, type  X <return>  to quit.

c:/Users/masaz/Desktop/faks/Bonn/Formalization_in_Lean/ArtinWedderburn/blueprint/src/web.tex:20: Undefined control sequence.
l.20 \github
            {https://github.com/JobPetrovcic/ArtinWedderburn}
The control sequence at the end of the top line
of your error message was never \def'ed. If you have
misspelled it (e.g., `\hobx'), type `I' and the correct
spelling (e.g., `I\hbox'). Otherwise just continue,
and I'll forget about whatever was undefined.

c:/Users/masaz/Desktop/faks/Bonn/Formalization_in_Lean/ArtinWedderburn/blueprint/src/web.tex:21: Undefined control sequence.
l.21 \dochome
             {https://JobPetrovcic.github.io/ArtinWedderburn/docs}
The control sequence at the end of the top line
of your error message was never \def'ed. If you have
misspelled it (e.g., `\hobx'), type `I' and the correct
spelling (e.g., `I\hbox'). Otherwise just continue,
and I'll forget about whatever was undefined.


Overfull \hbox (113.23pt too wide) in paragraph at lines 19--22
[]\TU/lmr/m/n/10 https://JobPetrovcic.github.io/ArtinWedderburn https://github.com/JobPetrovcic/ArtinWedderburn
 []

(C:\Users\masaz\AppData\Local\Programs\MiKTeX\tex/latex/l3backend\l3backend-xetex.def
File: l3backend-xetex.def 2024-05-08 L3 backend support: XeTeX
\g__graphics_track_int=\count292
\l__pdf_internal_box=\box55
\g__pdf_backend_annotation_int=\count293
\g__pdf_backend_link_int=\count294
)
No file web.aux.
\openout1 = `web.aux'.

LaTeX Font Info:    Checking defaults for OML/cmm/m/it on input line 26.
LaTeX Font Info:    ... okay on input line 26.
LaTeX Font Info:    Checking defaults for OMS/cmsy/m/n on input line 26.
LaTeX Font Info:    ... okay on input line 26.
LaTeX Font Info:    Checking defaults for OT1/cmr/m/n on input line 26.
LaTeX Font Info:    ... okay on input line 26.
LaTeX Font Info:    Checking defaults for T1/cmr/m/n on input line 26.
LaTeX Font Info:    ... okay on input line 26.
LaTeX Font Info:    Checking defaults for TS1/cmr/m/n on input line 26.
LaTeX Font Info:    Trying to load font information for TS1+cmr on input line 26.
(C:\Users\masaz\AppData\Local\Programs\MiKTeX\tex/latex/base\ts1cmr.fd
File: ts1cmr.fd 2023/04/13 v2.5m Standard LaTeX font definitions
)
LaTeX Font Info:    ... okay on input line 26.
LaTeX Font Info:    Checking defaults for TU/lmr/m/n on input line 26.
LaTeX Font Info:    ... okay on input line 26.
LaTeX Font Info:    Checking defaults for OMX/cmex/m/n on input line 26.
LaTeX Font Info:    ... okay on input line 26.
LaTeX Font Info:    Checking defaults for U/cmr/m/n on input line 26.
LaTeX Font Info:    ... okay on input line 26.
LaTeX Font Info:    Checking defaults for PD1/pdf/m/n on input line 26.
LaTeX Font Info:    ... okay on input line 26.
LaTeX Font Info:    Checking defaults for PU/pdf/m/n on input line 26.
LaTeX Font Info:    ... okay on input line 26.
Package hyperref Info: Link coloring OFF on input line 26.
\@outlinefile=\write3
\openout3 = `web.out'.



Package hyperref Warning: Rerun to get /PageLabels entry.



[1

]
LaTeX Font Info:    Trying to load font information for U+msa on input line 28.
 (C:\Users\masaz\AppData\Local\Programs\MiKTeX\tex/latex/amsfonts\umsa.fd
File: umsa.fd 2013/01/14 v3.01 AMS symbols A
)
LaTeX Font Info:    Trying to load font information for U+msb on input line 28.
 (C:\Users\masaz\AppData\Local\Programs\MiKTeX\tex/latex/amsfonts\umsb.fd
File: umsb.fd 2013/01/14 v3.01 AMS symbols B
)
Overfull \hbox (38.05206pt too wide) in paragraph at lines 28--28
 [][] 
 []

(content.tex

LaTeX Warning: Reference `thm:orthogonal_idempotents_division_ring_matrix' on page 2 undefined on input line 11.


LaTeX Warning: Reference `thm:orthogonal_idempotents_division_ring' on page 2 undefined on input line 11.


LaTeX Warning: Reference `thm:prime_ring_equiv' on page 2 undefined on input line 14.


LaTeX Warning: Reference `thm:all_left_inv_div_ring' on page 2 undefined on input line 14.


LaTeX Warning: Reference `thm:criterion_for_matrix_units' on page 2 undefined on input line 14.


LaTeX Warning: Reference `thm:one_sub_e_larger_span_on_sub_e_sub_f' on page 2 undefined on input line 14.


LaTeX Warning: Reference `thm:corner_ring_artinian' on page 2 undefined on input line 15.


LaTeX Warning: Reference `thm:orthogonal_idempotents_division_ring' on page 2 undefined on input line 15.


LaTeX Warning: Reference `thm:artin_wedderburn_for_prime' on page 2 undefined on input line 15.


LaTeX Warning: Reference `thm:prime_ring_equiv'' on page 2 undefined on input line 16.


LaTeX Warning: Reference `thm:orthogonal_idempotents_division_ring_matrix' on page 2 undefined on input line 17.

content.tex:23: Undefined control sequence.
<recently read> \lean 
                      
l.23       \lean
                {both_mul}
The control sequence at the end of the top line
of your error message was never \def'ed. If you have
misspelled it (e.g., `\hobx'), type `I' and the correct
spelling (e.g., `I\hbox'). Otherwise just continue,
and I'll forget about whatever was undefined.

content.tex:23: Missing $ inserted.
<inserted text> 
                $
l.23       \lean{both_
                      mul}
I've inserted a begin-math/end-math symbol since I think
you left one out. Proceed, with fingers crossed.

content.tex:23: Extra }, or forgotten $.
l.23       \lean{both_mul}
                          
I've deleted a group-closing symbol because it seems to be
spurious, as in `$x}$'. But perhaps the } is legitimate and
you forgot something else, as in `\hbox{$x}'. In such cases
the way to recover is to insert both the forgotten and the
deleted material, e.g., by typing `I$}'.

content.tex:24: Undefined control sequence.
l.24       \leanok
                  
The control sequence at the end of the top line
of your error message was never \def'ed. If you have
misspelled it (e.g., `\hobx'), type `I' and the correct
spelling (e.g., `I\hbox'). Otherwise just continue,
and I'll forget about whatever was undefined.

content.tex:25: Missing $ inserted.
<inserted text> 
                $
l.25       For $a, b \in
                         R$, denote by $aRb$ the set $\{arb| r \in R\}$.
I've inserted a begin-math/end-math symbol since I think
you left one out. Proceed, with fingers crossed.



[2]
content.tex:26: Missing } inserted.
<inserted text> 
                }
l.26   \end{definition}
                       
I've inserted something that you may have forgotten.
(See the <inserted text> above.)
With luck, this will get me unwedged. But if you
really didn't forget anything, try typing `2' now; then
my insertion and my current dilemma will both disappear.

content.tex:41: Undefined control sequence.
<recently read> \lean 
                      
l.41     \lean
              {IsPrimeRing}
The control sequence at the end of the top line
of your error message was never \def'ed. If you have
misspelled it (e.g., `\hobx'), type `I' and the correct
spelling (e.g., `I\hbox'). Otherwise just continue,
and I'll forget about whatever was undefined.

content.tex:42: Undefined control sequence.
l.42     \leanok
                
The control sequence at the end of the top line
of your error message was never \def'ed. If you have
misspelled it (e.g., `\hobx'), type `I' and the correct
spelling (e.g., `I\hbox'). Otherwise just continue,
and I'll forget about whatever was undefined.


Overfull \hbox (4.34389pt too wide) in paragraph at lines 87--87
[]\TU/lmr/bx/n/14.4 Proof of Artin-Wedderburn Theorem for prime
 []


LaTeX Warning: Citation `bresar2024wedderburnartintheorem' on page 3 undefined on input line 88.



[3]
content.tex:125: Undefined control sequence.
l.125     \uses
               {thm:characterization_of_corner_elements}
The control sequence at the end of the top line
of your error message was never \def'ed. If you have
misspelled it (e.g., `\hobx'), type `I' and the correct
spelling (e.g., `I\hbox'). Otherwise just continue,
and I'll forget about whatever was undefined.

content.tex:125: Missing $ inserted.
<inserted text> 
                $
l.125     \uses{thm:characterization_
                                     of_corner_elements}
I've inserted a begin-math/end-math symbol since I think
you left one out. Proceed, with fingers crossed.

content.tex:125: Extra }, or forgotten $.
l.125 ...{thm:characterization_of_corner_elements}
                                                  
I've deleted a group-closing symbol because it seems to be
spurious, as in `$x}$'. But perhaps the } is legitimate and
you forgot something else, as in `\hbox{$x}'. In such cases
the way to recover is to insert both the forgotten and the
deleted material, e.g., by typing `I$}'.


content.tex:128: LaTeX Error: Command \end{theorem} invalid in math mode.

See the LaTeX manual or LaTeX Companion for explanation.
Type  H <return>  for immediate help.
 ...                                              
                                                  
l.128   \end{theorem}
                     
Try typing  <return>  to proceed.
If that doesn't work, type  X <return>  to quit.


content.tex:128: LaTeX Error: Something's wrong--perhaps a missing \item.

See the LaTeX manual or LaTeX Companion for explanation.
Type  H <return>  for immediate help.
 ...                                              
                                                  
l.128   \end{theorem}
                     
Try typing  <return>  to proceed.
If that doesn't work, type  X <return>  to quit.


content.tex:128: LaTeX Error: Something's wrong--perhaps a missing \item.

See the LaTeX manual or LaTeX Companion for explanation.
Type  H <return>  for immediate help.
 ...                                              
                                                  
l.128   \end{theorem}
                     
Try typing  <return>  to proceed.
If that doesn't work, type  X <return>  to quit.

content.tex:128: Missing $ inserted.
<inserted text> 
                $
l.128   \end{theorem}
                     
I've inserted something that you may have forgotten.
(See the <inserted text> above.)
With luck, this will get me unwedged. But if you
really didn't forget anything, try typing `2' now; then
my insertion and my current dilemma will both disappear.

content.tex:128: Missing } inserted.
<inserted text> 
                }
l.128   \end{theorem}
                     
I've inserted something that you may have forgotten.
(See the <inserted text> above.)
With luck, this will get me unwedged. But if you
really didn't forget anything, try typing `2' now; then
my insertion and my current dilemma will both disappear.


Overfull \hbox (100.22624pt too wide) in paragraph at lines 125--130
[]\TU/lmr/bx/n/10 Theorem 14. \TU/lmr/m/it/10 thm:characterization$[]\OML/cmm/m/it/10 f[]orner[]lementsAnelement$\TU/lmr/m/it/10 x$\OML/cmm/m/it/10 of$\TU/lmr/m/it/10 R$\OML/cmm/m/it/10 isinthecornerringifandonlyif$\TU/lmr/m/it/10 x
 []


LaTeX Warning: Reference `thm:characterization_of_corner_elements' on page 4 undefined on input line 130.

content.tex:135: Undefined control sequence.
l.135     \uses
               {thm:characterization_of_corner_ring_elements}
The control sequence at the end of the top line
of your error message was never \def'ed. If you have
misspelled it (e.g., `\hobx'), type `I' and the correct
spelling (e.g., `I\hbox'). Otherwise just continue,
and I'll forget about whatever was undefined.

content.tex:135: Missing $ inserted.
<inserted text> 
                $
l.135     \uses{thm:characterization_
                                     of_corner_ring_elements}
I've inserted a begin-math/end-math symbol since I think
you left one out. Proceed, with fingers crossed.

content.tex:135: Extra }, or forgotten $.
l.135 ...characterization_of_corner_ring_elements}
                                                  
I've deleted a group-closing symbol because it seems to be
spurious, as in `$x}$'. But perhaps the } is legitimate and
you forgot something else, as in `\hbox{$x}'. In such cases
the way to recover is to insert both the forgotten and the
deleted material, e.g., by typing `I$}'.

content.tex:137: Missing $ inserted.
<inserted text> 
                $
l.137 ...ng is of the form $e y e$ for some $y \in
                                                   R$.
I've inserted a begin-math/end-math symbol since I think
you left one out. Proceed, with fingers crossed.


Overfull \hbox (96.712pt too wide) in paragraph at lines 135--138
[]\TU/lmr/bx/n/10 Theorem 15. \TU/lmr/m/it/10 thm:characterization$[]\OML/cmm/m/it/10 f[]orner[]ing[]lementsAnelement$\TU/lmr/m/it/10 x$\OML/cmm/m/it/10 ofthecornerringisoftheform$\TU/lmr/m/it/10 e
 []

content.tex:138: Missing } inserted.
<inserted text> 
                }
l.138   \end{theorem}
                     
I've inserted something that you may have forgotten.
(See the <inserted text> above.)
With luck, this will get me unwedged. But if you
really didn't forget anything, try typing `2' now; then
my insertion and my current dilemma will both disappear.


LaTeX Warning: Reference `thm:characterization_of_corner_ring_elements' on page 4 undefined on input line 140.

content.tex:166: Undefined control sequence.
l.166     \uses
               {thm:prime_ring_equiv}
The control sequence at the end of the top line
of your error message was never \def'ed. If you have
misspelled it (e.g., `\hobx'), type `I' and the correct
spelling (e.g., `I\hbox'). Otherwise just continue,
and I'll forget about whatever was undefined.

content.tex:166: Missing $ inserted.
<inserted text> 
                $
l.166     \uses{thm:prime_
                          ring_equiv}
I've inserted a begin-math/end-math symbol since I think
you left one out. Proceed, with fingers crossed.

content.tex:166: Extra }, or forgotten $.
l.166     \uses{thm:prime_ring_equiv}
                                     
I've deleted a group-closing symbol because it seems to be
spurious, as in `$x}$'. But perhaps the } is legitimate and
you forgot something else, as in `\hbox{$x}'. In such cases
the way to recover is to insert both the forgotten and the
deleted material, e.g., by typing `I$}'.


content.tex:169: LaTeX Error: Command \end{theorem} invalid in math mode.

See the LaTeX manual or LaTeX Companion for explanation.
Type  H <return>  for immediate help.
 ...                                              
                                                  
l.169   \end{theorem}
                     
Try typing  <return>  to proceed.
If that doesn't work, type  X <return>  to quit.


content.tex:169: LaTeX Error: Something's wrong--perhaps a missing \item.

See the LaTeX manual or LaTeX Companion for explanation.
Type  H <return>  for immediate help.
 ...                                              
                                                  
l.169   \end{theorem}
                     
Try typing  <return>  to proceed.
If that doesn't work, type  X <return>  to quit.


content.tex:169: LaTeX Error: Something's wrong--perhaps a missing \item.

See the LaTeX manual or LaTeX Companion for explanation.
Type  H <return>  for immediate help.
 ...                                              
                                                  
l.169   \end{theorem}
                     
Try typing  <return>  to proceed.
If that doesn't work, type  X <return>  to quit.

content.tex:169: Missing $ inserted.
<inserted text> 
                $
l.169   \end{theorem}
                     
I've inserted something that you may have forgotten.
(See the <inserted text> above.)
With luck, this will get me unwedged. But if you
really didn't forget anything, try typing `2' now; then
my insertion and my current dilemma will both disappear.

content.tex:169: Missing } inserted.
<inserted text> 
                }
l.169   \end{theorem}
                     
I've inserted something that you may have forgotten.
(See the <inserted text> above.)
With luck, this will get me unwedged. But if you
really didn't forget anything, try typing `2' now; then
my insertion and my current dilemma will both disappear.


Overfull \hbox (11.06497pt too wide) in paragraph at lines 166--171
[]\TU/lmr/bx/n/10 Theorem 18. \TU/lmr/m/it/10 thm:prime$[]\OML/cmm/m/it/10 ing[]quivIf$\TU/lmr/m/it/10 R$\OML/cmm/m/it/10 isaprimering; thenthecornerringisprime:$ 
 []


LaTeX Warning: Reference `thm:prime_ring_equiv' on page 4 undefined on input line 171.



[4]
content.tex:184: Undefined control sequence.
l.184     \uses
               {thm:all_left_inv_div_ring}
The control sequence at the end of the top line
of your error message was never \def'ed. If you have
misspelled it (e.g., `\hobx'), type `I' and the correct
spelling (e.g., `I\hbox'). Otherwise just continue,
and I'll forget about whatever was undefined.

content.tex:184: Missing $ inserted.
<inserted text> 
                $
l.184     \uses{thm:all_
                        left_inv_div_ring}
I've inserted a begin-math/end-math symbol since I think
you left one out. Proceed, with fingers crossed.

content.tex:184: Extra }, or forgotten $.
l.184     \uses{thm:all_left_inv_div_ring}
                                          
I've deleted a group-closing symbol because it seems to be
spurious, as in `$x}$'. But perhaps the } is legitimate and
you forgot something else, as in `\hbox{$x}'. In such cases
the way to recover is to insert both the forgotten and the
deleted material, e.g., by typing `I$}'.

content.tex:186: Missing $ inserted.
<inserted text> 
                $
l.186 ... is a minimal (left) ideal of $R$ and $L^
                                                  2 \neq 0$. Then there exis...
I've inserted a begin-math/end-math symbol since I think
you left one out. Proceed, with fingers crossed.


Overfull \hbox (91.6233pt too wide) in paragraph at lines 184--187
[]\TU/lmr/bx/n/10 Theorem 20 \TU/lmr/m/n/10 (Brauer’s lemma)\TU/lmr/bx/n/10 . \TU/lmr/m/it/10 thm:all$[]\OML/cmm/m/it/10 eft[]nv[]iv[]ingSuppose$\TU/lmr/m/it/10 L$\OML/cmm/m/it/10 isaminimal\OT1/cmr/m/n/10 (\OML/cmm/m/it/10 left\OT1/cmr/m/n/10 )\OML/cmm/m/it/10 idealof$\TU/lmr/m/it/10 R$\OML/cmm/m/it/10 and$\TU/lmr/m/it/10 L$[] \OMS/cmsy/m/n/10 6\OT1/cmr/m/n/10 =
 []

content.tex:187: Missing } inserted.
<inserted text> 
                }
l.187   \end{theorem}
                     
I've inserted something that you may have forgotten.
(See the <inserted text> above.)
With luck, this will get me unwedged. But if you
really didn't forget anything, try typing `2' now; then
my insertion and my current dilemma will both disappear.


LaTeX Warning: Reference `thm:all_left_inv_div_ring' on page 5 undefined on input line 199.

content.tex:223: Undefined control sequence.
l.223       \uses
                 {def:matrixunits}
The control sequence at the end of the top line
of your error message was never \def'ed. If you have
misspelled it (e.g., `\hobx'), type `I' and the correct
spelling (e.g., `I\hbox'). Otherwise just continue,
and I'll forget about whatever was undefined.



[5]
content.tex:263: Undefined control sequence.
l.263     \uses
               {thm:characterization_of_corner_elements}
The control sequence at the end of the top line
of your error message was never \def'ed. If you have
misspelled it (e.g., `\hobx'), type `I' and the correct
spelling (e.g., `I\hbox'). Otherwise just continue,
and I'll forget about whatever was undefined.

content.tex:263: Missing $ inserted.
<inserted text> 
                $
l.263     \uses{thm:characterization_
                                     of_corner_elements}
I've inserted a begin-math/end-math symbol since I think
you left one out. Proceed, with fingers crossed.

content.tex:263: Extra }, or forgotten $.
l.263 ...{thm:characterization_of_corner_elements}
                                                  
I've deleted a group-closing symbol because it seems to be
spurious, as in `$x}$'. But perhaps the } is legitimate and
you forgot something else, as in `\hbox{$x}'. In such cases
the way to recover is to insert both the forgotten and the
deleted material, e.g., by typing `I$}'.

content.tex:265: Missing $ inserted.
<inserted text> 
                $
l.265 ...et of pairwise orthogonal idempotents $e_
                                                  {ii}$ and
I've inserted a begin-math/end-math symbol since I think
you left one out. Proceed, with fingers crossed.


Overfull \hbox (129.0361pt too wide) in paragraph at lines 263--266
[]\TU/lmr/bx/n/10 Theorem 24. \TU/lmr/m/it/10 thm:characterization$[]\OML/cmm/m/it/10 f[]orner[]lementsIfaring$\TU/lmr/m/it/10 R$\OML/cmm/m/it/10 hasasetofpairwiseorthogonalidempotents$\TU/lmr/m/it/10 e$[]$
 []

content.tex:273: Missing } inserted.
<inserted text> 
                }
l.273   \end{theorem}
                     
I've inserted something that you may have forgotten.
(See the <inserted text> above.)
With luck, this will get me unwedged. But if you
really didn't forget anything, try typing `2' now; then
my insertion and my current dilemma will both disappear.


LaTeX Warning: Reference `thm:characterization_of_corner_elements' on page 6 undefined on input line 281.


Overfull \hbox (10.64966pt too wide) in paragraph at lines 300--301
[]\TU/lmr/m/n/10 By definition, $\OML/cmm/m/it/10 f[]f[] \OT1/cmr/m/n/10 = \OML/cmm/m/it/10 e[]e[]e[]e[] \OT1/cmr/m/n/10 = \OML/cmm/m/it/10 f[]f[]f[]f[] \OT1/cmr/m/n/10 = \OML/cmm/m/it/10 ^^N[]f[]f[] \OT1/cmr/m/n/10 = \OML/cmm/m/it/10 ^^N[]e[]e[] \OT1/cmr/m/n/10 =
 []



[6]
content.tex:307: Undefined control sequence.
l.307     \uses
               {thm:prime_ring_equiv'}
The control sequence at the end of the top line
of your error message was never \def'ed. If you have
misspelled it (e.g., `\hobx'), type `I' and the correct
spelling (e.g., `I\hbox'). Otherwise just continue,
and I'll forget about whatever was undefined.

content.tex:307: Missing $ inserted.
<inserted text> 
                $
l.307     \uses{thm:prime_
                          ring_equiv'}
I've inserted a begin-math/end-math symbol since I think
you left one out. Proceed, with fingers crossed.

content.tex:307: Extra }, or forgotten $.
<recently read> }
                 
l.307     \uses{thm:prime_ring_equiv'}
                                      
I've deleted a group-closing symbol because it seems to be
spurious, as in `$x}$'. But perhaps the } is legitimate and
you forgot something else, as in `\hbox{$x}'. In such cases
the way to recover is to insert both the forgotten and the
deleted material, e.g., by typing `I$}'.

content.tex:308: Missing $ inserted.
<inserted text> 
                $
l.308     Let $e, f \in
                        R$ be nonzero orthogonal idempotents and $R$ a prime...
I've inserted a begin-math/end-math symbol since I think
you left one out. Proceed, with fingers crossed.

content.tex:311: Missing } inserted.
<inserted text> 
                }
l.311   \end{theorem}
                     
I've inserted something that you may have forgotten.
(See the <inserted text> above.)
With luck, this will get me unwedged. But if you
really didn't forget anything, try typing `2' now; then
my insertion and my current dilemma will both disappear.


LaTeX Warning: Reference `thm:prime_ring_equiv'' on page 7 undefined on input line 317.


LaTeX Warning: Reference `thm:prime_ring_equiv'' on page 7 undefined on input line 319.

content.tex:334: Undefined control sequence.
l.334     \uses
               {thm:orthogonal_idempotents_division_ring, thm:criterion_for_...
The control sequence at the end of the top line
of your error message was never \def'ed. If you have
misspelled it (e.g., `\hobx'), type `I' and the correct
spelling (e.g., `I\hbox'). Otherwise just continue,
and I'll forget about whatever was undefined.

content.tex:334: Missing $ inserted.
<inserted text> 
                $
l.334     \uses{thm:orthogonal_
                               idempotents_division_ring, thm:criterion_for_...
I've inserted a begin-math/end-math symbol since I think
you left one out. Proceed, with fingers crossed.

content.tex:334: Extra }, or forgotten $.
l.334 ...ion_ring, thm:criterion_for_matrix_units}
                                                  
I've deleted a group-closing symbol because it seems to be
spurious, as in `$x}$'. But perhaps the } is legitimate and
you forgot something else, as in `\hbox{$x}'. In such cases
the way to recover is to insert both the forgotten and the
deleted material, e.g., by typing `I$}'.

content.tex:335: Missing $ inserted.
<inserted text> 
                $
l.335 ...tains pairwise orthogonal idempotents $e_
                                                  {ii}$ with sum $1$ and $e_...
I've inserted a begin-math/end-math symbol since I think
you left one out. Proceed, with fingers crossed.


Overfull \hbox (294.61703pt too wide) in paragraph at lines 334--336
[]\TU/lmr/bx/n/10 Theorem 26. \TU/lmr/m/it/10 thm:orthogonal$[]\OML/cmm/m/it/10 dempotents[]ivision[]ing; thm \OT1/cmr/m/n/10 : \OML/cmm/m/it/10 criterion[]or[]atrix[]nitsIfaprimering$\TU/lmr/m/it/10 R$\OML/cmm/m/it/10 containspairwiseorthogonalidempotents$\TU/lmr/m/it/10 e$[]$
 []

content.tex:336: Missing } inserted.
<inserted text> 
                }
l.336   \end{theorem}
                     
I've inserted something that you may have forgotten.
(See the <inserted text> above.)
With luck, this will get me unwedged. But if you
really didn't forget anything, try typing `2' now; then
my insertion and my current dilemma will both disappear.


LaTeX Warning: Reference `thm:orthogonal_idempotents_division_ring' on page 7 undefined on input line 338.


LaTeX Warning: Reference `thm:criterion_for_matrix_units' on page 7 undefined on input line 340.


LaTeX Warning: Reference `thm:orthogonal_idempotents_division_ring' on page 7 undefined on input line 343.


LaTeX Warning: Reference `thm:criterion_for_matrix_units' on page 7 undefined on input line 345.


LaTeX Warning: Reference `thm:ring_with_matrix_units' on page 7 undefined on input line 345.



[7]
content.tex:360: Undefined control sequence.
l.360     \uses
               {thm:corner_ring_prime, thm:corner_ring_artinian, thm:one_sub...
The control sequence at the end of the top line
of your error message was never \def'ed. If you have
misspelled it (e.g., `\hobx'), type `I' and the correct
spelling (e.g., `I\hbox'). Otherwise just continue,
and I'll forget about whatever was undefined.

content.tex:360: Missing $ inserted.
<inserted text> 
                $
l.360     \uses{thm:corner_
                           ring_prime, thm:corner_ring_artinian, thm:one_sub...
I've inserted a begin-math/end-math symbol since I think
you left one out. Proceed, with fingers crossed.

content.tex:360: Double subscript.
l.360 ... thm:corner_ring_artinian, thm:one_sub_e_
                                                  larger_span_on_sub_e_sub_f...
I treat `x_1_2' essentially like `x_1{}_2'.

content.tex:360: Double subscript.
l.360 ...nian, thm:one_sub_e_larger_span_on_sub_e_
                                                  sub_f, thm:orthogonal_idem...
I treat `x_1_2' essentially like `x_1{}_2'.

content.tex:360: Extra }, or forgotten $.
l.360 ...hogonal_idempotents_division_ring_matrix}
                                                  
I've deleted a group-closing symbol because it seems to be
spurious, as in `$x}$'. But perhaps the } is legitimate and
you forgot something else, as in `\hbox{$x}'. In such cases
the way to recover is to insert both the forgotten and the
deleted material, e.g., by typing `I$}'.

content.tex:362: Missing $ inserted.
<inserted text> 
                $
l.362 ...d artinian, then $R$ is isomorphic to $M_
                                                  n(D)$ for some division ri...
I've inserted a begin-math/end-math symbol since I think
you left one out. Proceed, with fingers crossed.


Overfull \hbox (381.40112pt too wide) in paragraph at lines 360--363
\OML/cmm/m/it/10 corner[]ing[]rtinian; thm \OT1/cmr/m/n/10 : \OML/cmm/m/it/10 one[]ub[][]arger[]pan[]n[]ub[][]ub[]; thm \OT1/cmr/m/n/10 : \OML/cmm/m/it/10 orthogonal[]dempotents[]ivision[]ing[]atrixIf$\TU/lmr/m/it/10 R$\OML/cmm/m/it/10 isaprimeringandartinian; then$\TU/lmr/m/it/10 R$\OML/cmm/m/it/10 isisomorphicto$\TU/lmr/m/it/10 M$[]\OT1/cmr/m/n/10 (\OML/cmm/m/it/10 D\OT1/cmr/m/n/10 )$
 []

content.tex:363: Missing } inserted.
<inserted text> 
                }
l.363   \end{theorem}
                     
I've inserted something that you may have forgotten.
(See the <inserted text> above.)
With luck, this will get me unwedged. But if you
really didn't forget anything, try typing `2' now; then
my insertion and my current dilemma will both disappear.


LaTeX Warning: Reference `thm:one_sub_e_larger_span_on_sub_e_sub_f' on page 8 undefined on input line 365.


LaTeX Warning: Reference `thm:corner_ring_prime' on page 8 undefined on input line 367.


LaTeX Warning: Reference `thm:corner_ring_artinian' on page 8 undefined on input line 367.


LaTeX Warning: Reference `thm:idempotents_orthogonal' on page 8 undefined on input line 367.


LaTeX Warning: Reference `thm:orthogonal_idempotents_division_ring_matrix' on page 8 undefined on input line 367.

content.tex:372: Undefined control sequence.
l.372     \uses
               {thm:artin_wedderburn_for_prime}
The control sequence at the end of the top line
of your error message was never \def'ed. If you have
misspelled it (e.g., `\hobx'), type `I' and the correct
spelling (e.g., `I\hbox'). Otherwise just continue,
and I'll forget about whatever was undefined.

content.tex:372: Missing $ inserted.
<inserted text> 
                $
l.372     \uses{thm:artin_
                          wedderburn_for_prime}
I've inserted a begin-math/end-math symbol since I think
you left one out. Proceed, with fingers crossed.

content.tex:372: Extra }, or forgotten $.
l.372     \uses{thm:artin_wedderburn_for_prime}
                                               
I've deleted a group-closing symbol because it seems to be
spurious, as in `$x}$'. But perhaps the } is legitimate and
you forgot something else, as in `\hbox{$x}'. In such cases
the way to recover is to insert both the forgotten and the
deleted material, e.g., by typing `I$}'.

content.tex:374: Missing $ inserted.
<inserted text> 
                $
l.374 ...imple ring, then $R$ is isomorphic to $M_
                                                  n(D)$ for some division ri...
I've inserted a begin-math/end-math symbol since I think
you left one out. Proceed, with fingers crossed.


Overfull \hbox (64.96683pt too wide) in paragraph at lines 372--375
[]\TU/lmr/bx/n/10 Theorem 29. \TU/lmr/m/it/10 thm:artin$[]\OML/cmm/m/it/10 edderburn[]or[]rimeIf$\TU/lmr/m/it/10 R$\OML/cmm/m/it/10 isasimplering; then$\TU/lmr/m/it/10 R$\OML/cmm/m/it/10 isisomorphicto$\TU/lmr/m/it/10 M$[]\OT1/cmr/m/n/10 (\OML/cmm/m/it/10 D\OT1/cmr/m/n/10 )$
 []

content.tex:375: Missing } inserted.
<inserted text> 
                }
l.375   \end{theorem}
                     
I've inserted something that you may have forgotten.
(See the <inserted text> above.)
With luck, this will get me unwedged. But if you
really didn't forget anything, try typing `2' now; then
my insertion and my current dilemma will both disappear.


LaTeX Warning: Reference `thm:artin_wedderburn_for_prime' on page 8 undefined on input line 377.

content.tex:385: Undefined control sequence.
l.385         \uses
                   {thm:artin_wedderburn_for_simple}
The control sequence at the end of the top line
of your error message was never \def'ed. If you have
misspelled it (e.g., `\hobx'), type `I' and the correct
spelling (e.g., `I\hbox'). Otherwise just continue,
and I'll forget about whatever was undefined.

content.tex:385: Missing $ inserted.
<inserted text> 
                $
l.385         \uses{thm:artin_
                              wedderburn_for_simple}
I've inserted a begin-math/end-math symbol since I think
you left one out. Proceed, with fingers crossed.

content.tex:385: Extra }, or forgotten $.
l.385 ...   \uses{thm:artin_wedderburn_for_simple}
                                                  
I've deleted a group-closing symbol because it seems to be
spurious, as in `$x}$'. But perhaps the } is legitimate and
you forgot something else, as in `\hbox{$x}'. In such cases
the way to recover is to insert both the forgotten and the
deleted material, e.g., by typing `I$}'.


content.tex:386: LaTeX Error: Command \end{theorem} invalid in math mode.

See the LaTeX manual or LaTeX Companion for explanation.
Type  H <return>  for immediate help.
 ...                                              
                                                  
l.386     \end{theorem}
                       
Try typing  <return>  to proceed.
If that doesn't work, type  X <return>  to quit.


content.tex:386: LaTeX Error: Something's wrong--perhaps a missing \item.

See the LaTeX manual or LaTeX Companion for explanation.
Type  H <return>  for immediate help.
 ...                                              
                                                  
l.386     \end{theorem}
                       
Try typing  <return>  to proceed.
If that doesn't work, type  X <return>  to quit.


content.tex:386: LaTeX Error: Something's wrong--perhaps a missing \item.

See the LaTeX manual or LaTeX Companion for explanation.
Type  H <return>  for immediate help.
 ...                                              
                                                  
l.386     \end{theorem}
                       
Try typing  <return>  to proceed.
If that doesn't work, type  X <return>  to quit.

content.tex:386: Missing $ inserted.
<inserted text> 
                $
l.386     \end{theorem}
                       
I've inserted something that you may have forgotten.
(See the <inserted text> above.)
With luck, this will get me unwedged. But if you
really didn't forget anything, try typing `2' now; then
my insertion and my current dilemma will both disappear.

content.tex:386: Missing } inserted.
<inserted text> 
                }
l.386     \end{theorem}
                       
I've inserted something that you may have forgotten.
(See the <inserted text> above.)
With luck, this will get me unwedged. But if you
really didn't forget anything, try typing `2' now; then
my insertion and my current dilemma will both disappear.



[8]

[9]

LaTeX Warning: Reference `thm:artin_wedderburn_for_simple' on page 10 undefined on input line 463.

)
Underfull \hbox (badness 7168) in paragraph at lines 33--37
[]\TU/lmr/m/n/10 Matej Brešar, \TU/lmr/m/it/10 The Wedderburn-Artin Theorem\TU/lmr/m/n/10 , arXiv:2405.04588
 []



[10] (web.aux)
 ***********
LaTeX2e <2024-06-01> patch level 2
L3 programming layer <2024-05-27>
 ***********


LaTeX Warning: There were undefined references.


LaTeX Warning: Label(s) may have changed. Rerun to get cross-references right.


Package rerunfilecheck Warning: File `web.out' has changed.
(rerunfilecheck)                Rerun to get outlines right
(rerunfilecheck)                or use package `bookmark'.

Package rerunfilecheck Info: Checksums for `web.out':
(rerunfilecheck)             Before: <no file>
(rerunfilecheck)             After:  02401B4D3CA09EC186D2FD7AF5239653;892.
 ) 
Here is how much of TeX's memory you used:
 9066 strings out of 409034
 136347 string characters out of 5756841
 1935560 words of memory out of 5000000
 31651 multiletter control sequences out of 15000+600000
 564853 words of font info for 73 fonts, out of 8000000 for 9000
 1348 hyphenation exceptions out of 8191
 72i,9n,79p,1118b,486s stack positions out of 10000i,1000n,20000p,200000b,200000s

Output written on web.pdf (10 pages).
